<?xml version="1.0" encoding="UTF-8"?>
<testng-results ignored="0" total="1" passed="1" failed="0" skipped="0">
  <reporter-output>
  </reporter-output>
  <suite started-at="2025-03-04T15:04:20 IST" name="Default suite" finished-at="2025-03-04T15:04:20 IST" duration-ms="61">
    <groups>
    </groups>
    <test started-at="2025-03-04T15:04:20 IST" name="Default test" finished-at="2025-03-04T15:04:20 IST" duration-ms="61">
      <class name="SampleClass_Test">
        <test-method signature="Sample()[pri:0, instance:SampleClass_Test@247d8ae]" started-at="2025-03-04T15:04:20 IST" name="Sample" finished-at="2025-03-04T15:04:20 IST" duration-ms="15" status="PASS">
          <reporter-output>
          </reporter-output>
        </test-method> <!-- Sample -->
      </class> <!-- SampleClass_Test -->
    </test> <!-- Default test -->
  </suite> <!-- Default suite -->
</testng-results>
